  Array.cpp
  main.cpp
C:\Users\Administrator\source\repos\Array\Array.h(159,21): warning C4018: '<': signed/unsigned mismatch
C:\Users\Administrator\source\repos\Array\Array.h(158): message : while compiling class template member function 'int Array<int>::findIndex(const int &) const'
C:\Users\Administrator\source\repos\Array\main.cpp(14): message : see reference to function template instantiation 'int Array<int>::findIndex(const int &) const' being compiled
C:\Users\Administrator\source\repos\Array\main.cpp(6): message : see reference to class template instantiation 'Array<int>' being compiled
C:\Users\Administrator\source\repos\Array\Array.h(130,21): warning C4018: '<': signed/unsigned mismatch
C:\Users\Administrator\source\repos\Array\Array.h(128): message : while compiling class template member function 'void Array<int>::remove(const DataType &)'
          with
          [
              DataType=int
          ]
C:\Users\Administrator\source\repos\Array\main.cpp(11): message : see reference to function template instantiation 'void Array<int>::remove(const DataType &)' being compiled
          with
          [
              DataType=int
          ]
C:\Users\Administrator\source\repos\Array\Array.h(134,23): warning C4018: '<': signed/unsigned mismatch
C:\Users\Administrator\source\repos\Array\Array.h(113,30): warning C4018: '<': signed/unsigned mismatch
C:\Users\Administrator\source\repos\Array\Array.h(112): message : while compiling class template member function 'void Array<int>::insert(const int &,const DataType &)'
          with
          [
              DataType=int
          ]
C:\Users\Administrator\source\repos\Array\main.cpp(10): message : see reference to function template instantiation 'void Array<int>::insert(const int &,const DataType &)' being compiled
          with
          [
              DataType=int
          ]
C:\Users\Administrator\source\repos\Array\Array.h(101,13): warning C4018: '>': signed/unsigned mismatch
C:\Users\Administrator\source\repos\Array\Array.h(100): message : while compiling class template member function 'void Array<int>::reserve(const int &)'
C:\Users\Administrator\source\repos\Array\main.cpp(8): message : see reference to function template instantiation 'void Array<int>::reserve(const int &)' being compiled
  Generating Code...
C:\Users\Administrator\source\repos\Array\Array.h(150): warning C4715: 'Array<int>::pop': not all control paths return a value
C:\Users\Administrator\source\repos\Array\Array.h(166): warning C4715: 'Array<int>::findIndex': not all control paths return a value
  Array.vcxproj -> C:\Users\Administrator\source\repos\Array\Debug\Array.exe
